[0.015s] Invoking command in '/home/niic/upper_body_demo/build/upper_body_demo': CMAKE_PREFIX_PATH=${CMAKE_PREFIX_PATH}:/opt/ros/humble /usr/bin/cmake --build /home/niic/upper_body_demo/build/upper_body_demo -- -j12 -l12
[0.080s] [35m[1mConsolidate compiler generated dependencies of target teleop[0m
[0.104s] [ 40%] Built target wave_hand_demo
[0.122s] [ 50%] [32mBuilding CXX object CMakeFiles/teleop.dir/src/teleop/main.cpp.o[0m
[6.987s] [01m[K/home/niic/upper_body_demo/src/upper_body_demo/src/teleop/main.cpp:[m[K In lambda function:
[6.987s] [01m[K/home/niic/upper_body_demo/src/upper_body_demo/src/teleop/main.cpp:135:23:[m[K [01;31m[Kerror: [m[Kâ€˜[01m[Kdelta[m[Kâ€™ was not declared in this scope
[6.987s]   135 |           double dt = [01;31m[Kdelta[m[K.seconds(); double min_dt = 0.008;
[6.987s]       |                       [01;31m[K^~~~~[m[K
[7.033s] [01m[K/home/niic/upper_body_demo/src/upper_body_demo/src/teleop/main.cpp:[m[K In constructor â€˜[01m[KTeleopNode::TeleopNode()[m[Kâ€™:
[7.034s] [01m[K/home/niic/upper_body_demo/src/upper_body_demo/src/teleop/main.cpp:160:5:[m[K [01;31m[Kerror: [m[Kâ€˜[01m[Kjoint_enable_sub_[m[Kâ€™ was not declared in this scope; did you mean â€˜[01m[Kjoint_state_pub_[m[Kâ€™?
[7.034s]   160 |     [01;31m[Kjoint_enable_sub_[m[K = this->create_subscription<std_msgs::msg::Bool>(
[7.034s]       |     [01;31m[K^~~~~~~~~~~~~~~~~[m[K
[7.034s]       |     [32m[Kjoint_state_pub_[m[K
[7.038s] [01m[K/home/niic/upper_body_demo/src/upper_body_demo/src/teleop/main.cpp:[m[K In lambda function:
[7.038s] [01m[K/home/niic/upper_body_demo/src/upper_body_demo/src/teleop/main.cpp:163:35:[m[K [01;31m[Kerror: [m[Kâ€˜[01m[Kconst SharedPtr[m[Kâ€™ {aka â€˜[01m[Kconst class std::shared_ptr<std_msgs::msg::Bool_<std::allocator<void> > >[m[Kâ€™} has no member named â€˜[01m[Kdata[m[Kâ€™
[7.038s]   163 |         ctx.enable_flags.fill(msg.[01;31m[Kdata[m[K);
[7.038s]       |                                   [01;31m[K^~~~[m[K
[12.790s] [01m[K/home/niic/upper_body_demo/src/upper_body_demo/src/teleop/main.cpp:[m[K In lambda function:
[12.790s] [01m[K/home/niic/upper_body_demo/src/upper_body_demo/src/teleop/main.cpp:146:88:[m[K [01;36m[Knote: [m[Kparameter passing for argument of type â€˜[01m[Kstd::pair<float, float>[m[Kâ€™ when C++17 is enabled changed to match C++14 ]8;;https://gcc.gnu.org/gcc-10/changes.html#empty_basein GCC 10.1]8;;
[12.790s]   146 |           auto [lf, lb] = solveIK(ctx.target_q_rot[7],  ctx.target_q_rot[8], Side::Left[01;36m[K)[m[K;
[12.790s]       |                                                                                        [01;36m[K^[m[K
[13.188s] gmake[2]: *** [CMakeFiles/teleop.dir/build.make:76: CMakeFiles/teleop.dir/src/teleop/main.cpp.o] Error 1
[13.188s] gmake[1]: *** [CMakeFiles/Makefile2:165: CMakeFiles/teleop.dir/all] Error 2
[13.189s] gmake: *** [Makefile:146: all] Error 2
[13.193s] Invoked command in '/home/niic/upper_body_demo/build/upper_body_demo' returned '2': CMAKE_PREFIX_PATH=${CMAKE_PREFIX_PATH}:/opt/ros/humble /usr/bin/cmake --build /home/niic/upper_body_demo/build/upper_body_demo -- -j12 -l12
