[ 30%] [32mBuilding CXX object CMakeFiles/teleop.dir/src/teleop/main.cpp.o[0m
[ 50%] Built target wave_hand_demo
[01m[K/home/niic/upper_body_demo/src/upper_body_demo/src/teleop/main.cpp:104:2:[m[K [01;31m[Kerror: [m[Kstray â€˜[01m[K#[m[Kâ€™ in program
  104 | i[01;31m[K#[m[Kinclude <rclcpp/rclcpp.hpp>
      |  [01;31m[K^[m[K
[01m[K/home/niic/upper_body_demo/src/upper_body_demo/src/teleop/main.cpp:104:1:[m[K [01;31m[Kerror: [m[Kâ€˜[01m[Ki[m[Kâ€™ does not name a type
  104 | [01;31m[Ki[m[K#include <rclcpp/rclcpp.hpp>
      | [01;31m[K^[m[K
[01m[K/home/niic/upper_body_demo/src/upper_body_demo/src/teleop/main.cpp:[m[K In function â€˜[01m[Kint main(int, char**)[m[Kâ€™:
[01m[K/home/niic/upper_body_demo/src/upper_body_demo/src/teleop/main.cpp:288:33:[m[K [01;31m[Kerror: [m[Kâ€˜[01m[KTeleopNode[m[Kâ€™ was not declared in this scope
  288 |   rclcpp::spin(std::make_shared<[01;31m[KTeleopNode[m[K>());
      |                                 [01;31m[K^~~~~~~~~~[m[K
[01m[K/home/niic/upper_body_demo/src/upper_body_demo/src/teleop/main.cpp:288:44:[m[K [01;31m[Kerror: [m[Kno matching function for call to â€˜[01m[Kmake_shared<<expression error> >()[m[Kâ€™
  288 |   rclcpp::spin([01;31m[Kstd::make_shared<TeleopNode>()[m[K);
      |                [01;31m[K~~~~~~~~~~~~~~~~~~~~~~~~~~~~^~[m[K
In file included from [01m[K/usr/include/c++/11/memory:77[m[K,
                 from [01m[K/home/niic/upper_body_demo/src/upper_body_demo/include/ecat/task.hpp:7[m[K,
                 from [01m[K/home/niic/upper_body_demo/src/upper_body_demo/src/teleop/main.cpp:1[m[K:
[01m[K/usr/include/c++/11/bits/shared_ptr.h:875:5:[m[K [01;36m[Knote: [m[Kcandidate: â€˜[01m[Ktemplate<class _Tp, class ... _Args> std::shared_ptr<_Tp> std::make_shared(_Args&& ...)[m[Kâ€™
  875 |     [01;36m[Kmake_shared[m[K(_Args&&... __args)
      |     [01;36m[K^~~~~~~~~~~[m[K
[01m[K/usr/include/c++/11/bits/shared_ptr.h:875:5:[m[K [01;36m[Knote: [m[K  template argument deduction/substitution failed:
[01m[K/home/niic/upper_body_demo/src/upper_body_demo/src/teleop/main.cpp:288:44:[m[K [01;31m[Kerror: [m[Ktemplate argument 1 is invalid
  288 |   rclcpp::spin([01;31m[Kstd::make_shared<TeleopNode>()[m[K);
      |                [01;31m[K~~~~~~~~~~~~~~~~~~~~~~~~~~~~^~[m[K
gmake[2]: *** [CMakeFiles/teleop.dir/build.make:76: CMakeFiles/teleop.dir/src/teleop/main.cpp.o] Error 1
gmake[1]: *** [CMakeFiles/Makefile2:165: CMakeFiles/teleop.dir/all] Error 2
gmake: *** [Makefile:146: all] Error 2
