[0.419s] Invoking command in '/home/niic/upper_body_demo/build/upper_body_demo': CMAKE_PREFIX_PATH=${CMAKE_PREFIX_PATH}:/opt/ros/humble /usr/bin/cmake --build /home/niic/upper_body_demo/build/upper_body_demo -- -j12 -l12
[0.490s] [35m[1mConsolidate compiler generated dependencies of target teleop[0m
[0.507s] [ 16%] Built target enable
[0.550s] [ 25%] [32mBuilding CXX object CMakeFiles/wave_hand_demo.dir/src/wavehand/main.cpp.o[0m
[0.550s] [ 33%] [32mBuilding CXX object CMakeFiles/wave_hand_demo.dir/src/wavehand/WaveHandDemo.cpp.o[0m
[0.550s] [ 41%] [32mBuilding CXX object CMakeFiles/teleop.dir/src/teleop/armPosiSender.cpp.o[0m
[0.551s] [ 50%] [32mBuilding CXX object CMakeFiles/teleop.dir/src/teleop/main.cpp.o[0m
[1.033s] In file included from [01m[K/home/niic/upper_body_demo/src/upper_body_demo/src/teleop/armPosiSender.hpp:5[m[K,
[1.033s]                  from [01m[K/home/niic/upper_body_demo/src/upper_body_demo/src/teleop/armPosiSender.cpp:2[m[K:
[1.034s] [01m[K/home/niic/upper_body_demo/src/upper_body_demo/src/teleop/../CtrlContext.hpp:45:77:[m[K [01;31m[Kerror: [m[Kexpected primary-expression before â€˜[01m[K,[m[Kâ€™ token
[1.034s]    45 |                                           1.0, 1.0, 1.0, 1.0, 1.0, 1.0, 1.0,[01;31m[K,[m[K
[1.034s]       |                                                                             [01;31m[K^[m[K
[1.034s] In file included from [01m[K/home/niic/upper_body_demo/src/upper_body_demo/src/wavehand/WaveHandDemo.hpp:5[m[K,
[1.034s]                  from [01m[K/home/niic/upper_body_demo/src/upper_body_demo/src/wavehand/WaveHandDemo.cpp:2[m[K:
[1.034s] [01m[K/home/niic/upper_body_demo/src/upper_body_demo/src/wavehand/../CtrlContext.hpp:45:77:[m[K [01;31m[Kerror: [m[Kexpected primary-expression before â€˜[01m[K,[m[Kâ€™ token
[1.034s]    45 |                                           1.0, 1.0, 1.0, 1.0, 1.0, 1.0, 1.0,[01;31m[K,[m[K
[1.034s]       |                                                                             [01;31m[K^[m[K
[2.127s] gmake[2]: *** [CMakeFiles/teleop.dir/build.make:104: CMakeFiles/teleop.dir/src/teleop/armPosiSender.cpp.o] Error 1
[2.127s] gmake[2]: *** Waiting for unfinished jobs....
[2.129s] gmake[2]: *** [CMakeFiles/wave_hand_demo.dir/build.make:104: CMakeFiles/wave_hand_demo.dir/src/wavehand/WaveHandDemo.cpp.o] Error 1
[2.129s] gmake[2]: *** Waiting for unfinished jobs....
[2.897s] In file included from [01m[K/home/niic/upper_body_demo/src/upper_body_demo/src/teleop/main.cpp:5[m[K:
[2.897s] [01m[K/home/niic/upper_body_demo/src/upper_body_demo/src/teleop/../CtrlContext.hpp:45:77:[m[K [01;31m[Kerror: [m[Kexpected primary-expression before â€˜[01m[K,[m[Kâ€™ token
[2.897s]    45 |                                           1.0, 1.0, 1.0, 1.0, 1.0, 1.0, 1.0,[01;31m[K,[m[K
[2.897s]       |                                                                             [01;31m[K^[m[K
[5.215s] In file included from [01m[K/home/niic/upper_body_demo/src/upper_body_demo/src/wavehand/main.cpp:7[m[K:
[5.215s] [01m[K/home/niic/upper_body_demo/src/upper_body_demo/src/wavehand/../CtrlContext.hpp:45:77:[m[K [01;31m[Kerror: [m[Kexpected primary-expression before â€˜[01m[K,[m[Kâ€™ token
[5.215s]    45 |                                           1.0, 1.0, 1.0, 1.0, 1.0, 1.0, 1.0,[01;31m[K,[m[K
[5.216s]       |                                                                             [01;31m[K^[m[K
[8.236s] gmake[2]: *** [CMakeFiles/wave_hand_demo.dir/build.make:76: CMakeFiles/wave_hand_demo.dir/src/wavehand/main.cpp.o] Error 1
[8.236s] gmake[1]: *** [CMakeFiles/Makefile2:141: CMakeFiles/wave_hand_demo.dir/all] Error 2
[8.236s] gmake[1]: *** Waiting for unfinished jobs....
[13.272s] [01m[K/home/niic/upper_body_demo/src/upper_body_demo/src/teleop/main.cpp:[m[K In lambda function:
[13.273s] [01m[K/home/niic/upper_body_demo/src/upper_body_demo/src/teleop/main.cpp:152:88:[m[K [01;36m[Knote: [m[Kparameter passing for argument of type â€˜[01m[Kstd::pair<float, float>[m[Kâ€™ when C++17 is enabled changed to match C++14 ]8;;https://gcc.gnu.org/gcc-10/changes.html#empty_basein GCC 10.1]8;;
[13.273s]   152 |           auto [lf, lb] = solveIK(ctx.target_q_rot[7],  ctx.target_q_rot[8], Side::Left[01;36m[K)[m[K;
[13.273s]       |                                                                                        [01;36m[K^[m[K
[13.722s] gmake[2]: *** [CMakeFiles/teleop.dir/build.make:76: CMakeFiles/teleop.dir/src/teleop/main.cpp.o] Error 1
[13.722s] gmake[1]: *** [CMakeFiles/Makefile2:167: CMakeFiles/teleop.dir/all] Error 2
[13.723s] gmake: *** [Makefile:146: all] Error 2
[13.726s] Invoked command in '/home/niic/upper_body_demo/build/upper_body_demo' returned '2': CMAKE_PREFIX_PATH=${CMAKE_PREFIX_PATH}:/opt/ros/humble /usr/bin/cmake --build /home/niic/upper_body_demo/build/upper_body_demo -- -j12 -l12
