[0.013s] Invoking command in '/home/niic/upper_body_demo/build/upper_body_demo': CMAKE_PREFIX_PATH=${CMAKE_PREFIX_PATH}:/opt/ros/humble /usr/bin/cmake /home/niic/upper_body_demo/src/upper_body_demo -DCMAKE_INSTALL_PREFIX=/home/niic/upper_body_demo/install/upper_body_demo
[0.099s] -- The CXX compiler identification is GNU 11.4.0
[0.108s] -- Detecting CXX compiler ABI info
[0.211s] -- Detecting CXX compiler ABI info - done
[0.219s] -- Check for working CXX compiler: /usr/bin/c++ - skipped
[0.220s] -- Detecting CXX compile features
[0.220s] -- Detecting CXX compile features - done
[0.223s] -- Found ament_cmake: 1.3.11 (/opt/ros/humble/share/ament_cmake/cmake)
[0.436s] -- Found Python3: /usr/bin/python3 (found version "3.10.12") found components: Interpreter 
[0.565s] -- Found rclcpp: 16.0.11 (/opt/ros/humble/share/rclcpp/cmake)
[0.620s] -- Found rosidl_generator_c: 3.1.6 (/opt/ros/humble/share/rosidl_generator_c/cmake)
[0.627s] -- Found rosidl_adapter: 3.1.6 (/opt/ros/humble/share/rosidl_adapter/cmake)
[0.638s] -- Found rosidl_generator_cpp: 3.1.6 (/opt/ros/humble/share/rosidl_generator_cpp/cmake)
[0.655s] -- Using all available rosidl_typesupport_c: rosidl_typesupport_fastrtps_c;rosidl_typesupport_introspection_c
[0.676s] -- Using all available rosidl_typesupport_cpp: rosidl_typesupport_fastrtps_cpp;rosidl_typesupport_introspection_cpp
[0.735s] -- Found rmw_implementation_cmake: 6.1.2 (/opt/ros/humble/share/rmw_implementation_cmake/cmake)
[0.739s] -- Found rmw_fastrtps_cpp: 6.2.7 (/opt/ros/humble/share/rmw_fastrtps_cpp/cmake)
[0.845s] -- Found OpenSSL: /usr/lib/aarch64-linux-gnu/libcrypto.so (found version "3.0.2")  
[0.881s] -- Found FastRTPS: /opt/ros/humble/include  
[0.934s] -- Using RMW implementation 'rmw_fastrtps_cpp' as default
[0.946s] -- Looking for C++ include pthread.h
[1.058s] -- Looking for C++ include pthread.h - found
[1.058s] -- Performing Test CMAKE_HAVE_LIBC_PTHREAD
[1.171s] -- Performing Test CMAKE_HAVE_LIBC_PTHREAD - Success
[1.172s] -- Found Threads: TRUE  
[1.239s] -- Found sensor_msgs: 4.2.4 (/opt/ros/humble/share/sensor_msgs/cmake)
[1.289s] -- Found Boost: /usr/lib/aarch64-linux-gnu/cmake/Boost-1.74.0/BoostConfig.cmake (found version "1.74.0") found components: program_options 
[1.309s] -- Found Boost: /usr/lib/aarch64-linux-gnu/cmake/Boost-1.74.0/BoostConfig.cmake (found version "1.74.0")  
[1.413s] -- Configuring done
[1.434s] -- Generating done
[1.441s] -- Build files have been written to: /home/niic/upper_body_demo/build/upper_body_demo
[1.456s] Invoked command in '/home/niic/upper_body_demo/build/upper_body_demo' returned '0': CMAKE_PREFIX_PATH=${CMAKE_PREFIX_PATH}:/opt/ros/humble /usr/bin/cmake /home/niic/upper_body_demo/src/upper_body_demo -DCMAKE_INSTALL_PREFIX=/home/niic/upper_body_demo/install/upper_body_demo
[1.459s] Invoking command in '/home/niic/upper_body_demo/build/upper_body_demo': CMAKE_PREFIX_PATH=${CMAKE_PREFIX_PATH}:/opt/ros/humble /usr/bin/cmake --build /home/niic/upper_body_demo/build/upper_body_demo -- -j12 -l12
[1.518s] [35m[1mConsolidate compiler generated dependencies of target wave_hand_demo[0m
[1.518s] [35m[1mConsolidate compiler generated dependencies of target teleop[0m
[1.553s] [ 40%] Built target wave_hand_demo
[1.558s] [ 50%] [32mBuilding CXX object CMakeFiles/teleop.dir/src/teleop/main.cpp.o[0m
[8.326s] [01m[K/home/niic/upper_body_demo/src/upper_body_demo/src/teleop/main.cpp:[m[K In lambda function:
[8.327s] [01m[K/home/niic/upper_body_demo/src/upper_body_demo/src/teleop/main.cpp:133:70:[m[K [01;31m[Kerror: [m[Kno matching function for call to â€˜[01m[Kstd::scoped_lock<std::mutex>::scoped_lock(std::mutex&, std::mutex&)[m[Kâ€™
[8.327s]   133 |           std::scoped_lock<std::mutex> lk(ctx.current_m, ctx.target_m[01;31m[K)[m[K;
[8.327s]       |                                                                      [01;31m[K^[m[K
[8.327s] In file included from [01m[K/home/niic/upper_body_demo/src/upper_body_demo/src/teleop/../CtrlContext.hpp:4[m[K,
[8.327s]                  from [01m[K/home/niic/upper_body_demo/src/upper_body_demo/src/teleop/main.cpp:5[m[K:
[8.327s] [01m[K/usr/include/c++/11/mutex:657:16:[m[K [01;36m[Knote: [m[Kcandidate: â€˜[01m[Kstd::scoped_lock<_Mutex>::scoped_lock(std::adopt_lock_t, std::scoped_lock<_Mutex>::mutex_type&) [with _Mutex = std::mutex; std::scoped_lock<_Mutex>::mutex_type = std::mutex][m[Kâ€™
[8.327s]   657 |       explicit [01;36m[Kscoped_lock[m[K(adopt_lock_t, mutex_type& __m) noexcept
[8.327s]       |                [01;36m[K^~~~~~~~~~~[m[K
[8.327s] [01m[K/usr/include/c++/11/mutex:657:28:[m[K [01;36m[Knote: [m[K  no known conversion for argument 1 from â€˜[01m[Kstd::mutex[m[Kâ€™ to â€˜[01m[Kstd::adopt_lock_t[m[Kâ€™
[8.327s]   657 |       explicit scoped_lock([01;36m[Kadopt_lock_t[m[K, mutex_type& __m) noexcept
[8.327s]       |                            [01;36m[K^~~~~~~~~~~~[m[K
[8.328s] [01m[K/usr/include/c++/11/mutex:654:16:[m[K [01;36m[Knote: [m[Kcandidate: â€˜[01m[Kstd::scoped_lock<_Mutex>::scoped_lock(std::scoped_lock<_Mutex>::mutex_type&) [with _Mutex = std::mutex; std::scoped_lock<_Mutex>::mutex_type = std::mutex][m[Kâ€™
[8.328s]   654 |       explicit [01;36m[Kscoped_lock[m[K(mutex_type& __m) : _M_device(__m)
[8.328s]       |                [01;36m[K^~~~~~~~~~~[m[K
[8.328s] [01m[K/usr/include/c++/11/mutex:654:16:[m[K [01;36m[Knote: [m[K  candidate expects 1 argument, 2 provided
[12.849s] [01m[K/home/niic/upper_body_demo/src/upper_body_demo/src/teleop/main.cpp:141:88:[m[K [01;36m[Knote: [m[Kparameter passing for argument of type â€˜[01m[Kstd::pair<float, float>[m[Kâ€™ when C++17 is enabled changed to match C++14 ]8;;https://gcc.gnu.org/gcc-10/changes.html#empty_basein GCC 10.1]8;;
[12.850s]   141 |           auto [lf, lb] = solveIK(ctx.target_q_rot[7],  ctx.target_q_rot[8], Side::Left[01;36m[K)[m[K;
[12.850s]       |                                                                                        [01;36m[K^[m[K
[13.243s] gmake[2]: *** [CMakeFiles/teleop.dir/build.make:76: CMakeFiles/teleop.dir/src/teleop/main.cpp.o] Error 1
[13.244s] gmake[1]: *** [CMakeFiles/Makefile2:165: CMakeFiles/teleop.dir/all] Error 2
[13.244s] gmake: *** [Makefile:146: all] Error 2
[13.248s] Invoked command in '/home/niic/upper_body_demo/build/upper_body_demo' returned '2': CMAKE_PREFIX_PATH=${CMAKE_PREFIX_PATH}:/opt/ros/humble /usr/bin/cmake --build /home/niic/upper_body_demo/build/upper_body_demo -- -j12 -l12
