[01m[K/home/niic/upper_body_demo/src/upper_body_demo/src/teleop/main.cpp:[m[K In lambda function:
[01m[K/home/niic/upper_body_demo/src/upper_body_demo/src/teleop/main.cpp:297:29:[m[K [01;31m[Kerror: [m[Kcannot convert â€˜[01m[Kstd::array<float, 16>[m[Kâ€™ to â€˜[01m[Kconst void*[m[Kâ€™
  297 |         sendto(sockfd_, [01;31m[Kctx.q_rot[m[K, sizeof(ctx.q_rot), 0,
      |                         [01;31m[K~~~~^~~~~[m[K
      |                             [01;31m[K|[m[K
      |                             [01;31m[Kstd::array<float, 16>[m[K
In file included from [01m[K/usr/necro/include/qiuniu/sys/socket.h:19[m[K,
                 from [01m[K/usr/include/netinet/in.h:23[m[K,
                 from [01m[K/usr/include/arpa/inet.h:22[m[K,
                 from [01m[K/home/niic/upper_body_demo/src/upper_body_demo/src/teleop/../udp_tool.hpp:5[m[K,
                 from [01m[K/home/niic/upper_body_demo/src/upper_body_demo/src/teleop/main.cpp:8[m[K:
[01m[K/usr/include/aarch64-linux-gnu/sys/socket.h:152:46:[m[K [01;36m[Knote: [m[K  initializing argument 2 of â€˜[01m[Kssize_t sendto(int, const void*, size_t, int, const sockaddr*, socklen_t)[m[Kâ€™
  152 | extern ssize_t sendto (int __fd, [01;36m[Kconst void *__buf[m[K, size_t __n,
      |                                  [01;36m[K~~~~~~~~~~~~^~~~~[m[K
[01m[K/home/niic/upper_body_demo/src/upper_body_demo/src/teleop/main.cpp:[m[K In lambda function:
[01m[K/home/niic/upper_body_demo/src/upper_body_demo/src/teleop/main.cpp:152:88:[m[K [01;36m[Knote: [m[Kparameter passing for argument of type â€˜[01m[Kstd::pair<float, float>[m[Kâ€™ when C++17 is enabled changed to match C++14 ]8;;https://gcc.gnu.org/gcc-10/changes.html#empty_basein GCC 10.1]8;;
  152 |           auto [lf, lb] = solveIK(ctx.target_q_rot[7],  ctx.target_q_rot[8], Side::Left[01;36m[K)[m[K;
      |                                                                                        [01;36m[K^[m[K
gmake[2]: *** [CMakeFiles/teleop.dir/build.make:76: CMakeFiles/teleop.dir/src/teleop/main.cpp.o] Error 1
gmake[1]: *** [CMakeFiles/Makefile2:167: CMakeFiles/teleop.dir/all] Error 2
gmake: *** [Makefile:146: all] Error 2
