[0.014s] Invoking command in '/home/niic/upper_body_demo/build/upper_body_demo': CMAKE_PREFIX_PATH=${CMAKE_PREFIX_PATH}:/opt/ros/humble /usr/bin/cmake --build /home/niic/upper_body_demo/build/upper_body_demo -- -j12 -l12
[0.083s] [35m[1mConsolidate compiler generated dependencies of target teleop[0m
[0.101s] [ 16%] Built target enable
[0.105s] [ 50%] Built target wave_hand_demo
[0.125s] [ 66%] [32mBuilding CXX object CMakeFiles/teleop.dir/src/teleop/main.cpp.o[0m
[0.125s] [ 66%] [32mBuilding CXX object CMakeFiles/teleop.dir/src/udp_tool.cpp.o[0m
[7.288s] [01m[K/home/niic/upper_body_demo/src/upper_body_demo/src/teleop/main.cpp:[m[K In lambda function:
[7.288s] [01m[K/home/niic/upper_body_demo/src/upper_body_demo/src/teleop/main.cpp:297:29:[m[K [01;31m[Kerror: [m[Kcannot convert â€˜[01m[Kstd::array<float, 16>[m[Kâ€™ to â€˜[01m[Kconst void*[m[Kâ€™
[7.288s]   297 |         sendto(sockfd_, [01;31m[Kctx.q_rot[m[K, sizeof(ctx.q_rot), 0,
[7.288s]       |                         [01;31m[K~~~~^~~~~[m[K
[7.288s]       |                             [01;31m[K|[m[K
[7.288s]       |                             [01;31m[Kstd::array<float, 16>[m[K
[7.289s] In file included from [01m[K/usr/necro/include/qiuniu/sys/socket.h:19[m[K,
[7.289s]                  from [01m[K/usr/include/netinet/in.h:23[m[K,
[7.289s]                  from [01m[K/usr/include/arpa/inet.h:22[m[K,
[7.289s]                  from [01m[K/home/niic/upper_body_demo/src/upper_body_demo/src/teleop/../udp_tool.hpp:5[m[K,
[7.289s]                  from [01m[K/home/niic/upper_body_demo/src/upper_body_demo/src/teleop/main.cpp:8[m[K:
[7.289s] [01m[K/usr/include/aarch64-linux-gnu/sys/socket.h:152:46:[m[K [01;36m[Knote: [m[K  initializing argument 2 of â€˜[01m[Kssize_t sendto(int, const void*, size_t, int, const sockaddr*, socklen_t)[m[Kâ€™
[7.289s]   152 | extern ssize_t sendto (int __fd, [01;36m[Kconst void *__buf[m[K, size_t __n,
[7.289s]       |                                  [01;36m[K~~~~~~~~~~~~^~~~~[m[K
[13.108s] [01m[K/home/niic/upper_body_demo/src/upper_body_demo/src/teleop/main.cpp:[m[K In lambda function:
[13.108s] [01m[K/home/niic/upper_body_demo/src/upper_body_demo/src/teleop/main.cpp:152:88:[m[K [01;36m[Knote: [m[Kparameter passing for argument of type â€˜[01m[Kstd::pair<float, float>[m[Kâ€™ when C++17 is enabled changed to match C++14 ]8;;https://gcc.gnu.org/gcc-10/changes.html#empty_basein GCC 10.1]8;;
[13.109s]   152 |           auto [lf, lb] = solveIK(ctx.target_q_rot[7],  ctx.target_q_rot[8], Side::Left[01;36m[K)[m[K;
[13.109s]       |                                                                                        [01;36m[K^[m[K
[13.606s] gmake[2]: *** [CMakeFiles/teleop.dir/build.make:76: CMakeFiles/teleop.dir/src/teleop/main.cpp.o] Error 1
[13.606s] gmake[1]: *** [CMakeFiles/Makefile2:167: CMakeFiles/teleop.dir/all] Error 2
[13.607s] gmake: *** [Makefile:146: all] Error 2
[13.610s] Invoked command in '/home/niic/upper_body_demo/build/upper_body_demo' returned '2': CMAKE_PREFIX_PATH=${CMAKE_PREFIX_PATH}:/opt/ros/humble /usr/bin/cmake --build /home/niic/upper_body_demo/build/upper_body_demo -- -j12 -l12
