[01m[K/home/niic/upper_body_demo/src/upper_body_demo/src/WaveHandDemo.cpp:[m[K In member function â€˜[01m[Kvirtual void WaveHandDemo::on_cycle()[m[Kâ€™:
[01m[K/home/niic/upper_body_demo/src/upper_body_demo/src/WaveHandDemo.cpp:59:13:[m[K [01;31m[Kerror: [m[Kexpected primary-expression before â€˜[01m[K)[m[Kâ€™ token
   59 |             [01;31m[K)[m[K;
      |             [01;31m[K^[m[K
gmake[2]: *** [CMakeFiles/wave_hand_demo.dir/build.make:104: CMakeFiles/wave_hand_demo.dir/src/WaveHandDemo.cpp.o] Error 1
gmake[2]: *** Waiting for unfinished jobs....
gmake[1]: *** [CMakeFiles/Makefile2:137: CMakeFiles/wave_hand_demo.dir/all] Error 2
gmake: *** [Makefile:146: all] Error 2
