[0.020s] Invoking command in '/home/niic/upper_body_demo/build/upper_body_demo': CMAKE_PREFIX_PATH=${CMAKE_PREFIX_PATH}:/opt/ros/humble /usr/bin/cmake /home/niic/upper_body_demo/src/upper_body_demo -DCMAKE_INSTALL_PREFIX=/home/niic/upper_body_demo/install/upper_body_demo
[0.079s] -- Found ament_cmake: 1.3.11 (/opt/ros/humble/share/ament_cmake/cmake)
[0.267s] -- Override CMake install command with custom implementation using symlinks instead of copying resources
[0.295s] -- Found rclcpp: 16.0.11 (/opt/ros/humble/share/rclcpp/cmake)
[0.352s] -- Found rosidl_generator_c: 3.1.6 (/opt/ros/humble/share/rosidl_generator_c/cmake)
[0.357s] -- Found rosidl_adapter: 3.1.6 (/opt/ros/humble/share/rosidl_adapter/cmake)
[0.369s] -- Found rosidl_generator_cpp: 3.1.6 (/opt/ros/humble/share/rosidl_generator_cpp/cmake)
[0.389s] -- Using all available rosidl_typesupport_c: rosidl_typesupport_fastrtps_c;rosidl_typesupport_introspection_c
[0.411s] -- Using all available rosidl_typesupport_cpp: rosidl_typesupport_fastrtps_cpp;rosidl_typesupport_introspection_cpp
[0.469s] -- Found rmw_implementation_cmake: 6.1.2 (/opt/ros/humble/share/rmw_implementation_cmake/cmake)
[0.472s] -- Found rmw_fastrtps_cpp: 6.2.7 (/opt/ros/humble/share/rmw_fastrtps_cpp/cmake)
[0.620s] -- Using RMW implementation 'rmw_fastrtps_cpp' as default
[0.719s] -- Found Boost: /usr/lib/aarch64-linux-gnu/cmake/Boost-1.74.0/BoostConfig.cmake (found version "1.74.0") found components: program_options 
[0.737s] -- Found Boost: /usr/lib/aarch64-linux-gnu/cmake/Boost-1.74.0/BoostConfig.cmake (found version "1.74.0")  
[0.846s] -- Configuring done
[0.870s] -- Generating done
[0.875s] -- Build files have been written to: /home/niic/upper_body_demo/build/upper_body_demo
[0.889s] Invoked command in '/home/niic/upper_body_demo/build/upper_body_demo' returned '0': CMAKE_PREFIX_PATH=${CMAKE_PREFIX_PATH}:/opt/ros/humble /usr/bin/cmake /home/niic/upper_body_demo/src/upper_body_demo -DCMAKE_INSTALL_PREFIX=/home/niic/upper_body_demo/install/upper_body_demo
[0.892s] Invoking command in '/home/niic/upper_body_demo/build/upper_body_demo': CMAKE_PREFIX_PATH=${CMAKE_PREFIX_PATH}:/opt/ros/humble /usr/bin/cmake --build /home/niic/upper_body_demo/build/upper_body_demo -- -j12 -l12
[0.955s] [35m[1mConsolidate compiler generated dependencies of target wave_hand_demo[0m
[1.057s] [ 50%] [32mBuilding CXX object CMakeFiles/wave_hand_demo.dir/src/main.cpp.o[0m
[1.057s] [ 50%] [32mBuilding CXX object CMakeFiles/wave_hand_demo.dir/src/WaveHandDemo.cpp.o[0m
[2.230s] [01m[K/home/niic/upper_body_demo/src/upper_body_demo/src/WaveHandDemo.cpp:[m[K In member function â€˜[01m[Kvirtual void WaveHandDemo::on_cycle()[m[Kâ€™:
[2.230s] [01m[K/home/niic/upper_body_demo/src/upper_body_demo/src/WaveHandDemo.cpp:59:13:[m[K [01;31m[Kerror: [m[Kexpected primary-expression before â€˜[01m[K)[m[Kâ€™ token
[2.230s]    59 |             [01;31m[K)[m[K;
[2.230s]       |             [01;31m[K^[m[K
[2.650s] gmake[2]: *** [CMakeFiles/wave_hand_demo.dir/build.make:104: CMakeFiles/wave_hand_demo.dir/src/WaveHandDemo.cpp.o] Error 1
[2.651s] gmake[2]: *** Waiting for unfinished jobs....
[10.764s] gmake[1]: *** [CMakeFiles/Makefile2:137: CMakeFiles/wave_hand_demo.dir/all] Error 2
[10.764s] gmake: *** [Makefile:146: all] Error 2
[10.767s] Invoked command in '/home/niic/upper_body_demo/build/upper_body_demo' returned '2': CMAKE_PREFIX_PATH=${CMAKE_PREFIX_PATH}:/opt/ros/humble /usr/bin/cmake --build /home/niic/upper_body_demo/build/upper_body_demo -- -j12 -l12
