[0.014s] Invoking command in '/home/niic/upper_body_demo/build/upper_body_demo': CMAKE_PREFIX_PATH=${CMAKE_PREFIX_PATH}:/opt/ros/humble /usr/bin/cmake --build /home/niic/upper_body_demo/build/upper_body_demo -- -j12 -l12
[0.081s] [35m[1mConsolidate compiler generated dependencies of target wave_hand_demo[0m
[0.081s] [35m[1mConsolidate compiler generated dependencies of target teleop[0m
[0.117s] [ 40%] Built target wave_hand_demo
[0.121s] [ 50%] [32mBuilding CXX object CMakeFiles/teleop.dir/src/teleop/main.cpp.o[0m
[1.516s] [01m[K/home/niic/upper_body_demo/src/upper_body_demo/src/teleop/main.cpp:22:10:[m[K [01;31m[Kfatal error: [m[Ksensor_msgs/msg/joint_state.hpp: No such file or directory
[1.516s]    22 | #include [01;31m[K<sensor_msgs/msg/joint_state.hpp>[m[K
[1.516s]       |          [01;31m[K^~~~~~~~~~~~~~~~~~~~~~~~~~~~~~~~~[m[K
[1.516s] compilation terminated.
[1.535s] gmake[2]: *** [CMakeFiles/teleop.dir/build.make:76: CMakeFiles/teleop.dir/src/teleop/main.cpp.o] Error 1
[1.536s] gmake[1]: *** [CMakeFiles/Makefile2:165: CMakeFiles/teleop.dir/all] Error 2
[1.536s] gmake: *** [Makefile:146: all] Error 2
[1.540s] Invoked command in '/home/niic/upper_body_demo/build/upper_body_demo' returned '2': CMAKE_PREFIX_PATH=${CMAKE_PREFIX_PATH}:/opt/ros/humble /usr/bin/cmake --build /home/niic/upper_body_demo/build/upper_body_demo -- -j12 -l12
