[0.014s] Invoking command in '/home/niic/upper_body_demo/build/upper_body_demo': CMAKE_PREFIX_PATH=${CMAKE_PREFIX_PATH}:/opt/ros/humble /usr/bin/cmake --build /home/niic/upper_body_demo/build/upper_body_demo -- -j12 -l12
[0.049s] -- Found ament_cmake: 1.3.11 (/opt/ros/humble/share/ament_cmake/cmake)
[0.224s] -- Override CMake install command with custom implementation using symlinks instead of copying resources
[0.233s] -- Found rclcpp: 16.0.11 (/opt/ros/humble/share/rclcpp/cmake)
[0.269s] -- Found rosidl_generator_c: 3.1.6 (/opt/ros/humble/share/rosidl_generator_c/cmake)
[0.272s] -- Found rosidl_adapter: 3.1.6 (/opt/ros/humble/share/rosidl_adapter/cmake)
[0.280s] -- Found rosidl_generator_cpp: 3.1.6 (/opt/ros/humble/share/rosidl_generator_cpp/cmake)
[0.292s] -- Using all available rosidl_typesupport_c: rosidl_typesupport_fastrtps_c;rosidl_typesupport_introspection_c
[0.308s] -- Using all available rosidl_typesupport_cpp: rosidl_typesupport_fastrtps_cpp;rosidl_typesupport_introspection_cpp
[0.349s] -- Found rmw_implementation_cmake: 6.1.2 (/opt/ros/humble/share/rmw_implementation_cmake/cmake)
[0.351s] -- Found rmw_fastrtps_cpp: 6.2.7 (/opt/ros/humble/share/rmw_fastrtps_cpp/cmake)
[0.479s] -- Using RMW implementation 'rmw_fastrtps_cpp' as default
[0.546s] -- Found Boost: /usr/lib/aarch64-linux-gnu/cmake/Boost-1.74.0/BoostConfig.cmake (found version "1.74.0") found components: program_options 
[0.558s] -- Found Boost: /usr/lib/aarch64-linux-gnu/cmake/Boost-1.74.0/BoostConfig.cmake (found version "1.74.0")  
[0.662s] -- Configuring done
[0.676s] -- Generating done
[0.681s] -- Build files have been written to: /home/niic/upper_body_demo/build/upper_body_demo
[0.723s] [35m[1mConsolidate compiler generated dependencies of target wave_hand_demo[0m
[0.756s] [ 50%] [32mBuilding CXX object CMakeFiles/wave_hand_demo.dir/src/wavehand/main.cpp.o[0m
[0.756s] [ 50%] [32mBuilding CXX object CMakeFiles/wave_hand_demo.dir/src/wavehand/WaveHandDemo.cpp.o[0m
[0.770s] In file included from [01m[K/home/niic/upper_body_demo/src/upper_body_demo/src/wavehand/WaveHandDemo.cpp:2[m[K:
[0.771s] [01m[K/home/niic/upper_body_demo/src/upper_body_demo/src/wavehand/WaveHandDemo.hpp:4:10:[m[K [01;31m[Kfatal error: [m[KIController.hpp: No such file or directory
[0.771s]     4 | #include [01;31m[K"IController.hpp"[m[K
[0.771s]       |          [01;31m[K^~~~~~~~~~~~~~~~~[m[K
[0.771s] compilation terminated.
[0.772s] gmake[2]: *** [CMakeFiles/wave_hand_demo.dir/build.make:104: CMakeFiles/wave_hand_demo.dir/src/wavehand/WaveHandDemo.cpp.o] Error 1
[0.772s] gmake[2]: *** Waiting for unfinished jobs....
[1.068s] [01m[K/home/niic/upper_body_demo/src/upper_body_demo/src/wavehand/main.cpp:8:10:[m[K [01;31m[Kfatal error: [m[K../Joint.hpp: No such file or directory
[1.069s]     8 | #include [01;31m[K"../Joint.hpp"[m[K
[1.069s]       |          [01;31m[K^~~~~~~~~~~~~~[m[K
[1.069s] compilation terminated.
[1.074s] gmake[2]: *** [CMakeFiles/wave_hand_demo.dir/build.make:76: CMakeFiles/wave_hand_demo.dir/src/wavehand/main.cpp.o] Error 1
[1.075s] gmake[1]: *** [CMakeFiles/Makefile2:137: CMakeFiles/wave_hand_demo.dir/all] Error 2
[1.075s] gmake: *** [Makefile:146: all] Error 2
[1.078s] Invoked command in '/home/niic/upper_body_demo/build/upper_body_demo' returned '2': CMAKE_PREFIX_PATH=${CMAKE_PREFIX_PATH}:/opt/ros/humble /usr/bin/cmake --build /home/niic/upper_body_demo/build/upper_body_demo -- -j12 -l12
