[01m[K/home/niic/upper_body_demo/src/upper_body_demo/src/teleop/main.cpp:[m[K In lambda function:
[01m[K/home/niic/upper_body_demo/src/upper_body_demo/src/teleop/main.cpp:303:48:[m[K [01;31m[Kerror: [m[Kâ€˜[01m[Kdest_addr[m[Kâ€™ was not declared in this scope; did you mean â€˜[01m[Kinet_addr[m[Kâ€™?
  303 |             reinterpret_cast<const sockaddr*>(&[01;31m[Kdest_addr[m[K),
      |                                                [01;31m[K^~~~~~~~~[m[K
      |                                                [32m[Kinet_addr[m[K
[01m[K/home/niic/upper_body_demo/src/upper_body_demo/src/teleop/main.cpp:[m[K In lambda function:
[01m[K/home/niic/upper_body_demo/src/upper_body_demo/src/teleop/main.cpp:152:88:[m[K [01;36m[Knote: [m[Kparameter passing for argument of type â€˜[01m[Kstd::pair<float, float>[m[Kâ€™ when C++17 is enabled changed to match C++14 ]8;;https://gcc.gnu.org/gcc-10/changes.html#empty_basein GCC 10.1]8;;
  152 |           auto [lf, lb] = solveIK(ctx.target_q_rot[7],  ctx.target_q_rot[8], Side::Left[01;36m[K)[m[K;
      |                                                                                        [01;36m[K^[m[K
gmake[2]: *** [CMakeFiles/teleop.dir/build.make:76: CMakeFiles/teleop.dir/src/teleop/main.cpp.o] Error 1
gmake[1]: *** [CMakeFiles/Makefile2:167: CMakeFiles/teleop.dir/all] Error 2
gmake: *** [Makefile:146: all] Error 2
