[0.015s] Invoking command in '/home/niic/upper_body_demo/build/upper_body_demo': CMAKE_PREFIX_PATH=${CMAKE_PREFIX_PATH}:/opt/ros/humble /usr/bin/cmake --build /home/niic/upper_body_demo/build/upper_body_demo -- -j12 -l12
[0.093s] [35m[1mConsolidate compiler generated dependencies of target teleop[0m
[0.108s] [ 16%] Built target enable
[0.113s] [ 50%] Built target wave_hand_demo
[0.138s] [ 58%] [32mBuilding CXX object CMakeFiles/teleop.dir/src/teleop/main.cpp.o[0m
[7.518s] [01m[K/home/niic/upper_body_demo/src/upper_body_demo/src/teleop/main.cpp:[m[K In lambda function:
[7.518s] [01m[K/home/niic/upper_body_demo/src/upper_body_demo/src/teleop/main.cpp:303:48:[m[K [01;31m[Kerror: [m[Kâ€˜[01m[Kdest_addr[m[Kâ€™ was not declared in this scope; did you mean â€˜[01m[Kinet_addr[m[Kâ€™?
[7.518s]   303 |             reinterpret_cast<const sockaddr*>(&[01;31m[Kdest_addr[m[K),
[7.519s]       |                                                [01;31m[K^~~~~~~~~[m[K
[7.519s]       |                                                [32m[Kinet_addr[m[K
[13.268s] [01m[K/home/niic/upper_body_demo/src/upper_body_demo/src/teleop/main.cpp:[m[K In lambda function:
[13.268s] [01m[K/home/niic/upper_body_demo/src/upper_body_demo/src/teleop/main.cpp:152:88:[m[K [01;36m[Knote: [m[Kparameter passing for argument of type â€˜[01m[Kstd::pair<float, float>[m[Kâ€™ when C++17 is enabled changed to match C++14 ]8;;https://gcc.gnu.org/gcc-10/changes.html#empty_basein GCC 10.1]8;;
[13.268s]   152 |           auto [lf, lb] = solveIK(ctx.target_q_rot[7],  ctx.target_q_rot[8], Side::Left[01;36m[K)[m[K;
[13.268s]       |                                                                                        [01;36m[K^[m[K
[13.726s] gmake[2]: *** [CMakeFiles/teleop.dir/build.make:76: CMakeFiles/teleop.dir/src/teleop/main.cpp.o] Error 1
[13.726s] gmake[1]: *** [CMakeFiles/Makefile2:167: CMakeFiles/teleop.dir/all] Error 2
[13.727s] gmake: *** [Makefile:146: all] Error 2
[13.730s] Invoked command in '/home/niic/upper_body_demo/build/upper_body_demo' returned '2': CMAKE_PREFIX_PATH=${CMAKE_PREFIX_PATH}:/opt/ros/humble /usr/bin/cmake --build /home/niic/upper_body_demo/build/upper_body_demo -- -j12 -l12
