[0.014s] Invoking command in '/home/niic/upper_body_demo/build/upper_body_demo': CMAKE_PREFIX_PATH=${CMAKE_PREFIX_PATH}:/opt/ros/humble /usr/bin/cmake --build /home/niic/upper_body_demo/build/upper_body_demo -- -j12 -l12
[0.100s] [ 50%] [32mBuilding CXX object CMakeFiles/wave_hand_demo.dir/src/wavehand/WaveHandDemo.cpp.o[0m
[0.100s] [ 50%] [32mBuilding CXX object CMakeFiles/wave_hand_demo.dir/src/wavehand/main.cpp.o[0m
[0.115s] In file included from [01m[K/home/niic/upper_body_demo/src/upper_body_demo/src/wavehand/WaveHandDemo.cpp:2[m[K:
[0.115s] [01m[K/home/niic/upper_body_demo/src/upper_body_demo/src/wavehand/WaveHandDemo.hpp:4:10:[m[K [01;31m[Kfatal error: [m[KIController.hpp: No such file or directory
[0.115s]     4 | #include [01;31m[K"IController.hpp"[m[K
[0.116s]       |          [01;31m[K^~~~~~~~~~~~~~~~~[m[K
[0.116s] compilation terminated.
[0.117s] gmake[2]: *** [CMakeFiles/wave_hand_demo.dir/build.make:104: CMakeFiles/wave_hand_demo.dir/src/wavehand/WaveHandDemo.cpp.o] Error 1
[0.117s] gmake[2]: *** Waiting for unfinished jobs....
[0.414s] In file included from [01m[K/home/niic/upper_body_demo/src/upper_body_demo/src/wavehand/Joint.hpp:6[m[K,
[0.414s]                  from [01m[K/home/niic/upper_body_demo/src/upper_body_demo/src/wavehand/main.cpp:8[m[K:
[0.414s] [01m[K/home/niic/upper_body_demo/src/upper_body_demo/src/wavehand/WaveHandDemo.hpp:4:10:[m[K [01;31m[Kfatal error: [m[KIController.hpp: No such file or directory
[0.414s]     4 | #include [01;31m[K"IController.hpp"[m[K
[0.414s]       |          [01;31m[K^~~~~~~~~~~~~~~~~[m[K
[0.414s] compilation terminated.
[0.420s] gmake[2]: *** [CMakeFiles/wave_hand_demo.dir/build.make:76: CMakeFiles/wave_hand_demo.dir/src/wavehand/main.cpp.o] Error 1
[0.420s] gmake[1]: *** [CMakeFiles/Makefile2:137: CMakeFiles/wave_hand_demo.dir/all] Error 2
[0.420s] gmake: *** [Makefile:146: all] Error 2
[0.424s] Invoked command in '/home/niic/upper_body_demo/build/upper_body_demo' returned '2': CMAKE_PREFIX_PATH=${CMAKE_PREFIX_PATH}:/opt/ros/humble /usr/bin/cmake --build /home/niic/upper_body_demo/build/upper_body_demo -- -j12 -l12
