-- The CXX compiler identification is GNU 11.4.0
-- Detecting CXX compiler ABI info
-- Detecting CXX compiler ABI info - done
-- Check for working CXX compiler: /usr/bin/c++ - skipped
-- Detecting CXX compile features
-- Detecting CXX compile features - done
-- Found ament_cmake: 1.3.11 (/opt/ros/humble/share/ament_cmake/cmake)
-- Found Python3: /usr/bin/python3 (found version "3.10.12") found components: Interpreter 
-- Found rclcpp: 16.0.11 (/opt/ros/humble/share/rclcpp/cmake)
-- Found rosidl_generator_c: 3.1.6 (/opt/ros/humble/share/rosidl_generator_c/cmake)
-- Found rosidl_adapter: 3.1.6 (/opt/ros/humble/share/rosidl_adapter/cmake)
-- Found rosidl_generator_cpp: 3.1.6 (/opt/ros/humble/share/rosidl_generator_cpp/cmake)
-- Using all available rosidl_typesupport_c: rosidl_typesupport_fastrtps_c;rosidl_typesupport_introspection_c
-- Using all available rosidl_typesupport_cpp: rosidl_typesupport_fastrtps_cpp;rosidl_typesupport_introspection_cpp
-- Found rmw_implementation_cmake: 6.1.2 (/opt/ros/humble/share/rmw_implementation_cmake/cmake)
-- Found rmw_fastrtps_cpp: 6.2.7 (/opt/ros/humble/share/rmw_fastrtps_cpp/cmake)
-- Found OpenSSL: /usr/lib/aarch64-linux-gnu/libcrypto.so (found version "3.0.2")  
-- Found FastRTPS: /opt/ros/humble/include  
-- Using RMW implementation 'rmw_fastrtps_cpp' as default
-- Looking for C++ include pthread.h
-- Looking for C++ include pthread.h - found
-- Performing Test CMAKE_HAVE_LIBC_PTHREAD
-- Performing Test CMAKE_HAVE_LIBC_PTHREAD - Success
-- Found Threads: TRUE  
-- Found sensor_msgs: 4.2.4 (/opt/ros/humble/share/sensor_msgs/cmake)
-- Found Boost: /usr/lib/aarch64-linux-gnu/cmake/Boost-1.74.0/BoostConfig.cmake (found version "1.74.0") found components: program_options 
-- Found Boost: /usr/lib/aarch64-linux-gnu/cmake/Boost-1.74.0/BoostConfig.cmake (found version "1.74.0")  
-- Configuring done
-- Generating done
-- Build files have been written to: /home/niic/upper_body_demo/build/upper_body_demo
[35m[1mConsolidate compiler generated dependencies of target wave_hand_demo[0m
[35m[1mConsolidate compiler generated dependencies of target teleop[0m
[ 10%] [32m[1mLinking CXX executable wave_hand_demo[0m
[ 40%] [32mBuilding CXX object CMakeFiles/teleop.dir/src/power.cpp.o[0m
[ 40%] [32mBuilding CXX object CMakeFiles/teleop.dir/src/teleop/main.cpp.o[0m
[ 40%] [32mBuilding CXX object CMakeFiles/teleop.dir/src/teleop/armPosiSender.cpp.o[0m
[ 50%] [32mBuilding CXX object CMakeFiles/teleop.dir/src/udp_tool.cpp.o[0m
[ 60%] [32mBuilding CXX object CMakeFiles/teleop.dir/src/wrist_IK_FK.cpp.o[0m
[ 90%] Built target wave_hand_demo
[01m[K/home/niic/upper_body_demo/src/upper_body_demo/src/wrist_IK_FK.cpp:[m[K In function â€˜[01m[Kstd::pair<float, float> solveFK(float, float, float, float, Side)[m[Kâ€™:
[01m[K/home/niic/upper_body_demo/src/upper_body_demo/src/wrist_IK_FK.cpp:256:101:[m[K [01;36m[Knote: [m[Kparameter passing for argument of type â€˜[01m[Kstd::pair<float, float>[m[Kâ€™ when C++17 is enabled changed to match C++14 ]8;;https://gcc.gnu.org/gcc-10/changes.html#empty_basein GCC 10.1]8;;
  256 | std::pair<float, float> solveFK(float roll_old, float pitch_old, float f_len, float b_len, Side side[01;36m[K)[m[K{
      |                                                                                                     [01;36m[K^[m[K
[01m[K/home/niic/upper_body_demo/src/upper_body_demo/src/teleop/main.cpp:[m[K In constructor â€˜[01m[KTeleopNode::TeleopNode()[m[Kâ€™:
[01m[K/home/niic/upper_body_demo/src/upper_body_demo/src/teleop/main.cpp:124:5:[m[K [01;31m[Kerror: [m[Kâ€˜[01m[Kjoint_state_pub_[m[Kâ€™ was not declared in this scope
  124 |     [01;31m[Kjoint_state_pub_[m[K = this->create_publisher<sensor_msgs::msg::JointState>("joint_states", 1);
      |     [01;31m[K^~~~~~~~~~~~~~~~[m[K
[01m[K/home/niic/upper_body_demo/src/upper_body_demo/src/teleop/main.cpp:127:5:[m[K [01;31m[Kerror: [m[Kâ€˜[01m[Ktarget_joint_posi_sub_[m[Kâ€™ was not declared in this scope
  127 |     [01;31m[Ktarget_joint_posi_sub_[m[K = this->create_subscription<sensor_msgs::msg::JointState>(
      |     [01;31m[K^~~~~~~~~~~~~~~~~~~~~~[m[K
[01m[K/home/niic/upper_body_demo/src/upper_body_demo/src/teleop/main.cpp:[m[K In lambda function:
[01m[K/home/niic/upper_body_demo/src/upper_body_demo/src/teleop/main.cpp:131:13:[m[K [01;31m[Kerror: [m[Kâ€˜[01m[Klast_stamp[m[Kâ€™ is not captured
  131 |         if ([01;31m[Klast_stamp[m[K.nanoseconds() > 0) {
      |             [01;31m[K^~~~~~~~~~[m[K
[01m[K/home/niic/upper_body_demo/src/upper_body_demo/src/teleop/main.cpp:129:12:[m[K [01;36m[Knote: [m[Kthe lambda has no capture-default
  129 |       [this[01;36m[K][m[K(const sensor_msgs::msg::JointState::SharedPtr msg) {
      |            [01;36m[K^[m[K
[01m[K/home/niic/upper_body_demo/src/upper_body_demo/src/teleop/main.cpp:126:18:[m[K [01;36m[Knote: [m[Kâ€˜[01m[Krclcpp::Time last_stamp[m[Kâ€™ declared here
  126 |     rclcpp::Time [01;36m[Klast_stamp[m[K(0, 0, RCL_ROS_TIME);
      |                  [01;36m[K^~~~~~~~~~[m[K
[01m[K/home/niic/upper_body_demo/src/upper_body_demo/src/teleop/main.cpp:133:52:[m[K [01;31m[Kerror: [m[Kâ€˜[01m[Klast_stamp[m[Kâ€™ is not captured
  133 |           rclcpp::Duration delta = current_stamp - [01;31m[Klast_stamp[m[K;
      |                                                    [01;31m[K^~~~~~~~~~[m[K
[01m[K/home/niic/upper_body_demo/src/upper_body_demo/src/teleop/main.cpp:129:12:[m[K [01;36m[Knote: [m[Kthe lambda has no capture-default
  129 |       [this[01;36m[K][m[K(const sensor_msgs::msg::JointState::SharedPtr msg) {
      |            [01;36m[K^[m[K
[01m[K/home/niic/upper_body_demo/src/upper_body_demo/src/teleop/main.cpp:126:18:[m[K [01;36m[Knote: [m[Kâ€˜[01m[Krclcpp::Time last_stamp[m[Kâ€™ declared here
  126 |     rclcpp::Time [01;36m[Klast_stamp[m[K(0, 0, RCL_ROS_TIME);
      |                  [01;36m[K^~~~~~~~~~[m[K
[01m[K/home/niic/upper_body_demo/src/upper_body_demo/src/teleop/main.cpp:134:70:[m[K [01;31m[Kerror: [m[Kno matching function for call to â€˜[01m[Kstd::scoped_lock<std::mutex>::scoped_lock(std::mutex&, std::mutex&)[m[Kâ€™
  134 |           std::scoped_lock<std::mutex> lk(ctx.current_m, ctx.target_m[01;31m[K)[m[K;
      |                                                                      [01;31m[K^[m[K
In file included from [01m[K/home/niic/upper_body_demo/src/upper_body_demo/src/teleop/../CtrlContext.hpp:4[m[K,
                 from [01m[K/home/niic/upper_body_demo/src/upper_body_demo/src/teleop/main.cpp:5[m[K:
[01m[K/usr/include/c++/11/mutex:657:16:[m[K [01;36m[Knote: [m[Kcandidate: â€˜[01m[Kstd::scoped_lock<_Mutex>::scoped_lock(std::adopt_lock_t, std::scoped_lock<_Mutex>::mutex_type&) [with _Mutex = std::mutex; std::scoped_lock<_Mutex>::mutex_type = std::mutex][m[Kâ€™
  657 |       explicit [01;36m[Kscoped_lock[m[K(adopt_lock_t, mutex_type& __m) noexcept
      |                [01;36m[K^~~~~~~~~~~[m[K
[01m[K/usr/include/c++/11/mutex:657:28:[m[K [01;36m[Knote: [m[K  no known conversion for argument 1 from â€˜[01m[Kstd::mutex[m[Kâ€™ to â€˜[01m[Kstd::adopt_lock_t[m[Kâ€™
  657 |       explicit scoped_lock([01;36m[Kadopt_lock_t[m[K, mutex_type& __m) noexcept
      |                            [01;36m[K^~~~~~~~~~~~[m[K
[01m[K/usr/include/c++/11/mutex:654:16:[m[K [01;36m[Knote: [m[Kcandidate: â€˜[01m[Kstd::scoped_lock<_Mutex>::scoped_lock(std::scoped_lock<_Mutex>::mutex_type&) [with _Mutex = std::mutex; std::scoped_lock<_Mutex>::mutex_type = std::mutex][m[Kâ€™
  654 |       explicit [01;36m[Kscoped_lock[m[K(mutex_type& __m) : _M_device(__m)
      |                [01;36m[K^~~~~~~~~~~[m[K
[01m[K/usr/include/c++/11/mutex:654:16:[m[K [01;36m[Knote: [m[K  candidate expects 1 argument, 2 provided
[01m[K/home/niic/upper_body_demo/src/upper_body_demo/src/teleop/main.cpp:138:16:[m[K [01;31m[Kerror: [m[Kexpected â€˜[01m[K([m[Kâ€™ before â€˜[01m[Kis_rot[m[Kâ€™
  138 |             if [01;31m[Kis_rot[m[K(i+2) ctx.target_q[i+2] = msg->position[i];
      |                [01;31m[K^~~~~~[m[K
[01m[K/home/niic/upper_body_demo/src/upper_body_demo/src/teleop/main.cpp:142:39:[m[K [01;31m[Kerror: [m[Kâ€˜[01m[Kstruct CtrlContext[m[Kâ€™ has no member named â€˜[01m[Ktaregt_q_rot[m[Kâ€™; did you mean â€˜[01m[Ktarget_q_rot[m[Kâ€™?
  142 |           auto [lf, lb] = solveIK(ctx.[01;31m[Ktaregt_q_rot[m[K[7],  ctx.taregt_q_rot[8], Side::Left);
      |                                       [01;31m[K^~~~~~~~~~~~[m[K
      |                                       [32m[Ktarget_q_rot[m[K
[01m[K/home/niic/upper_body_demo/src/upper_body_demo/src/teleop/main.cpp:142:61:[m[K [01;31m[Kerror: [m[Kâ€˜[01m[Kstruct CtrlContext[m[Kâ€™ has no member named â€˜[01m[Ktaregt_q_rot[m[Kâ€™; did you mean â€˜[01m[Ktarget_q_rot[m[Kâ€™?
  142 |           auto [lf, lb] = solveIK(ctx.taregt_q_rot[7],  ctx.[01;31m[Ktaregt_q_rot[m[K[8], Side::Left);
      |                                                             [01;31m[K^~~~~~~~~~~~[m[K
      |                                                             [32m[Ktarget_q_rot[m[K
[01m[K/home/niic/upper_body_demo/src/upper_body_demo/src/teleop/main.cpp:144:39:[m[K [01;31m[Kerror: [m[Kâ€˜[01m[Kstruct CtrlContext[m[Kâ€™ has no member named â€˜[01m[Ktaregt_q_rot[m[Kâ€™; did you mean â€˜[01m[Ktarget_q_rot[m[Kâ€™?
  144 |           auto [rf, rb] = solveIK(ctx.[01;31m[Ktaregt_q_rot[m[K[14], ctx.taregt_q_rot[15], Side::Right);
      |                                       [01;31m[K^~~~~~~~~~~~[m[K
      |                                       [32m[Ktarget_q_rot[m[K
[01m[K/home/niic/upper_body_demo/src/upper_body_demo/src/teleop/main.cpp:144:61:[m[K [01;31m[Kerror: [m[Kâ€˜[01m[Kstruct CtrlContext[m[Kâ€™ has no member named â€˜[01m[Ktaregt_q_rot[m[Kâ€™; did you mean â€˜[01m[Ktarget_q_rot[m[Kâ€™?
  144 |           auto [rf, rb] = solveIK(ctx.taregt_q_rot[14], ctx.[01;31m[Ktaregt_q_rot[m[K[15], Side::Right);
      |                                                             [01;31m[K^~~~~~~~~~~~[m[K
      |                                                             [32m[Ktarget_q_rot[m[K
[01m[K/home/niic/upper_body_demo/src/upper_body_demo/src/teleop/main.cpp:[m[K In lambda function:
[01m[K/home/niic/upper_body_demo/src/upper_body_demo/src/teleop/main.cpp:264:7:[m[K [01;31m[Kerror: [m[Kexpected â€˜[01m[K,[m[Kâ€™ or â€˜[01m[K;[m[Kâ€™ before â€˜[01m[Kfor[m[Kâ€™
  264 |       [01;31m[Kfor[m[K (auto &j : joints) { (*j)(); }
      |       [01;31m[K^~~[m[K
[01m[K/home/niic/upper_body_demo/src/upper_body_demo/src/teleop/main.cpp:267:98:[m[K [01;36m[Knote: [m[Kparameter passing for argument of type â€˜[01m[Kstd::pair<float, float>[m[Kâ€™ when C++17 is enabled changed to match C++14 ]8;;https://gcc.gnu.org/gcc-10/changes.html#empty_basein GCC 10.1]8;;
  267 |       auto [roll, pitch] = solveFK(ctx.q_rot[7],  ctx.q_rot[8],  ctx.q[7],  ctx.q[8],  Side::Left[01;36m[K)[m[K;
      |                                                                                                  [01;36m[K^[m[K
gmake[2]: *** [CMakeFiles/teleop.dir/build.make:76: CMakeFiles/teleop.dir/src/teleop/main.cpp.o] Error 1
gmake[1]: *** [CMakeFiles/Makefile2:165: CMakeFiles/teleop.dir/all] Error 2
gmake: *** [Makefile:146: all] Error 2
