[0.014s] Invoking command in '/home/niic/upper_body_demo/build/upper_body_demo': CMAKE_PREFIX_PATH=${CMAKE_PREFIX_PATH}:/opt/ros/humble /usr/bin/cmake --build /home/niic/upper_body_demo/build/upper_body_demo -- -j12 -l12
[0.077s] [35m[1mConsolidate compiler generated dependencies of target enable[0m
[0.102s] [  8%] [32mBuilding CXX object CMakeFiles/enable.dir/src/enable/main.cpp.o[0m
[0.102s] [ 41%] Built target wave_hand_demo
[0.102s] [ 58%] [32mBuilding CXX object CMakeFiles/teleop.dir/src/teleop/main.cpp.o[0m
[0.103s] [ 58%] [32mBuilding CXX object CMakeFiles/teleop.dir/src/teleop/armPosiSender.cpp.o[0m
[6.622s] [ 66%] [32m[1mLinking CXX executable enable[0m
[6.879s] [ 66%] Built target enable
[7.431s] [01m[K/home/niic/upper_body_demo/src/upper_body_demo/src/teleop/main.cpp:[m[K In constructor â€˜[01m[KTeleopNode::TeleopNode()[m[Kâ€™:
[7.431s] [01m[K/home/niic/upper_body_demo/src/upper_body_demo/src/teleop/main.cpp:129:7:[m[K [01;31m[Kerror: [m[Kunable to find numeric literal operator â€˜[01m[Koperator""ms[m[Kâ€™
[7.431s]   129 |       [01;31m[K10ms[m[K, [this]() { this->publish_joint_states(); });
[7.431s]       |       [01;31m[K^~~~[m[K
[13.160s] [01m[K/home/niic/upper_body_demo/src/upper_body_demo/src/teleop/main.cpp:[m[K In lambda function:
[13.160s] [01m[K/home/niic/upper_body_demo/src/upper_body_demo/src/teleop/main.cpp:151:88:[m[K [01;36m[Knote: [m[Kparameter passing for argument of type â€˜[01m[Kstd::pair<float, float>[m[Kâ€™ when C++17 is enabled changed to match C++14 in GCC 10.1
[13.160s]   151 |           auto [lf, lb] = solveIK(ctx.target_q_rot[7],  ctx.target_q_rot[8], Side::Left[01;36m[K)[m[K;
[13.160s]       |                                                                                        [01;36m[K^[m[K
[13.648s] gmake[2]: *** [CMakeFiles/teleop.dir/build.make:76: CMakeFiles/teleop.dir/src/teleop/main.cpp.o] Error 1
[13.649s] gmake[1]: *** [CMakeFiles/Makefile2:167: CMakeFiles/teleop.dir/all] Error 2
[13.649s] gmake: *** [Makefile:146: all] Error 2
[13.652s] Invoked command in '/home/niic/upper_body_demo/build/upper_body_demo' returned '2': CMAKE_PREFIX_PATH=${CMAKE_PREFIX_PATH}:/opt/ros/humble /usr/bin/cmake --build /home/niic/upper_body_demo/build/upper_body_demo -- -j12 -l12
