[0.015s] Invoking command in '/home/niic/upper_body_demo/build/upper_body_demo': CMAKE_PREFIX_PATH=${CMAKE_PREFIX_PATH}:/opt/ros/humble /usr/bin/cmake --build /home/niic/upper_body_demo/build/upper_body_demo -- -j12 -l12
[0.081s] [35m[1mConsolidate compiler generated dependencies of target teleop[0m
[0.103s] [ 20%] [32mBuilding CXX object CMakeFiles/wave_hand_demo.dir/src/wavehand/main.cpp.o[0m
[0.103s] [ 20%] [32mBuilding CXX object CMakeFiles/wave_hand_demo.dir/src/wavehand/WaveHandDemo.cpp.o[0m
[0.123s] [ 40%] [32mBuilding CXX object CMakeFiles/teleop.dir/src/teleop/main.cpp.o[0m
[0.123s] [ 40%] [32mBuilding CXX object CMakeFiles/teleop.dir/src/teleop/armPosiSender.cpp.o[0m
[1.184s] [01m[K/home/niic/upper_body_demo/src/upper_body_demo/src/teleop/armPosiSender.cpp:[m[K In member function â€˜[01m[Kvirtual void armPosiSender::on_cycle()[m[Kâ€™:
[1.185s] [01m[K/home/niic/upper_body_demo/src/upper_body_demo/src/teleop/armPosiSender.cpp:53:38:[m[K [01;31m[Kerror: [m[Kassignment of read-only location â€˜[01m[K*((armPosiSender*)this)->armPosiSender::_axis.axis_data::velocity_actual_value[m[Kâ€™
[1.185s]    53 |         [01;31m[K*_axis.velocity_actual_value = ang2enc_vel(_ctx.command_q_dot[_axis.joint_id])[m[K;
[1.185s]       |         [01;31m[K~~~~~~~~~~~~~~~~~~~~~~~~~~~~~^~~~~~~~~~~~~~~~~~~~~~~~~~~~~~~~~~~~~~~~~~~~~~~~~[m[K
[1.192s] [01m[K/home/niic/upper_body_demo/src/upper_body_demo/src/teleop/armPosiSender.cpp:60:9:[m[K [01;31m[Kerror: [m[Kâ€˜[01m[Kctx[m[Kâ€™ was not declared in this scope; did you mean â€˜[01m[K_ctx[m[Kâ€™?
[1.192s]    60 |         [01;31m[Kctx[m[K.command_q_dot[_axis.joint_id] = enc2len_vel(*_axis.velocity_actual_value) + std::clamp(_ctx.target_q_dot[_axis.joint_id] - enc2len_vel(*_axis.velocity_actual_value), -_max_lin_accl, _max_lin_accl);
[1.192s]       |         [01;31m[K^~~[m[K
[1.192s]       |         [32m[K_ctx[m[K
[1.192s] [01m[K/home/niic/upper_body_demo/src/upper_body_demo/src/teleop/armPosiSender.cpp:62:38:[m[K [01;31m[Kerror: [m[Kassignment of read-only location â€˜[01m[K*((armPosiSender*)this)->armPosiSender::_axis.axis_data::velocity_actual_value[m[Kâ€™
[1.192s]    62 |         [01;31m[K*_axis.velocity_actual_value = len2enc_vel(_ctx.command_q_dot[_axis.joint_id])[m[K;
[1.192s]       |         [01;31m[K~~~~~~~~~~~~~~~~~~~~~~~~~~~~~^~~~~~~~~~~~~~~~~~~~~~~~~~~~~~~~~~~~~~~~~~~~~~~~~[m[K
[1.351s] gmake[2]: *** [CMakeFiles/teleop.dir/build.make:104: CMakeFiles/teleop.dir/src/teleop/armPosiSender.cpp.o] Error 1
[1.352s] gmake[2]: *** Waiting for unfinished jobs....
[9.818s] [ 50%] [32m[1mLinking CXX executable wave_hand_demo[0m
[10.741s] [ 60%] Built target wave_hand_demo
[11.848s] [01m[K/home/niic/upper_body_demo/src/upper_body_demo/src/teleop/main.cpp:[m[K In lambda function:
[11.848s] [01m[K/home/niic/upper_body_demo/src/upper_body_demo/src/teleop/main.cpp:141:88:[m[K [01;36m[Knote: [m[Kparameter passing for argument of type â€˜[01m[Kstd::pair<float, float>[m[Kâ€™ when C++17 is enabled changed to match C++14 ]8;;https://gcc.gnu.org/gcc-10/changes.html#empty_basein GCC 10.1]8;;
[11.848s]   141 |           auto [lf, lb] = solveIK(ctx.target_q_rot[7],  ctx.target_q_rot[8], Side::Left[01;36m[K)[m[K;
[11.848s]       |                                                                                        [01;36m[K^[m[K
[18.574s] gmake[1]: *** [CMakeFiles/Makefile2:165: CMakeFiles/teleop.dir/all] Error 2
[18.574s] gmake: *** [Makefile:146: all] Error 2
[18.577s] Invoked command in '/home/niic/upper_body_demo/build/upper_body_demo' returned '2': CMAKE_PREFIX_PATH=${CMAKE_PREFIX_PATH}:/opt/ros/humble /usr/bin/cmake --build /home/niic/upper_body_demo/build/upper_body_demo -- -j12 -l12
