[35m[1mConsolidate compiler generated dependencies of target wave_hand_demo[0m
[35m[1mConsolidate compiler generated dependencies of target teleop[0m
[ 40%] Built target wave_hand_demo
[ 60%] [32mBuilding CXX object CMakeFiles/teleop.dir/src/teleop/armPosiSender.cpp.o[0m
[ 60%] [32mBuilding CXX object CMakeFiles/teleop.dir/src/teleop/main.cpp.o[0m
[01m[K/home/niic/upper_body_demo/src/upper_body_demo/src/teleop/armPosiSender.cpp:[m[K In member function â€˜[01m[Kvirtual void armPosiSender::on_cycle()[m[Kâ€™:
[01m[K/home/niic/upper_body_demo/src/upper_body_demo/src/teleop/armPosiSender.cpp:52:56:[m[K [01;31m[Kerror: [m[Kno matching function for call to â€˜[01m[Kclamp(std::array<int, 16>::value_type&, float, float&)[m[Kâ€™
   52 |         _ctx.command_q_dot[_axis.joint_id] = [01;31m[Kstd::clamp(_ctx.command_q_dot[_axis.joint_id], -_max_rot_vel, _max_rot_vel)[m[K;
      |                                              [01;31m[K~~~~~~~~~~^~~~~~~~~~~~~~~~~~~~~~~~~~~~~~~~~~~~~~~~~~~~~~~~~~~~~~~~~~~~~~~~~[m[K
In file included from [01m[K/usr/include/c++/11/functional:65[m[K,
                 from [01m[K/usr/include/spdlog/common.h:16[m[K,
                 from [01m[K/usr/include/spdlog/spdlog.h:12[m[K,
                 from [01m[K/home/niic/upper_body_demo/src/upper_body_demo/src/teleop/armPosiSender.cpp:3[m[K:
[01m[K/usr/include/c++/11/bits/stl_algo.h:3656:5:[m[K [01;36m[Knote: [m[Kcandidate: â€˜[01m[Ktemplate<class _Tp> constexpr const _Tp& std::clamp(const _Tp&, const _Tp&, const _Tp&)[m[Kâ€™
 3656 |     [01;36m[Kclamp[m[K(const _Tp& __val, const _Tp& __lo, const _Tp& __hi)
      |     [01;36m[K^~~~~[m[K
[01m[K/usr/include/c++/11/bits/stl_algo.h:3656:5:[m[K [01;36m[Knote: [m[K  template argument deduction/substitution failed:
[01m[K/home/niic/upper_body_demo/src/upper_body_demo/src/teleop/armPosiSender.cpp:52:56:[m[K [01;36m[Knote: [m[K  deduced conflicting types for parameter â€˜[01m[Kconst _Tp[m[Kâ€™ (â€˜[01m[Kint[m[Kâ€™ and â€˜[01m[Kfloat[m[Kâ€™)
   52 |         _ctx.command_q_dot[_axis.joint_id] = [01;36m[Kstd::clamp(_ctx.command_q_dot[_axis.joint_id], -_max_rot_vel, _max_rot_vel)[m[K;
      |                                              [01;36m[K~~~~~~~~~~^~~~~~~~~~~~~~~~~~~~~~~~~~~~~~~~~~~~~~~~~~~~~~~~~~~~~~~~~~~~~~~~~[m[K
In file included from [01m[K/usr/include/c++/11/functional:65[m[K,
                 from [01m[K/usr/include/spdlog/common.h:16[m[K,
                 from [01m[K/usr/include/spdlog/spdlog.h:12[m[K,
                 from [01m[K/home/niic/upper_body_demo/src/upper_body_demo/src/teleop/armPosiSender.cpp:3[m[K:
[01m[K/usr/include/c++/11/bits/stl_algo.h:3674:5:[m[K [01;36m[Knote: [m[Kcandidate: â€˜[01m[Ktemplate<class _Tp, class _Compare> constexpr const _Tp& std::clamp(const _Tp&, const _Tp&, const _Tp&, _Compare)[m[Kâ€™
 3674 |     [01;36m[Kclamp[m[K(const _Tp& __val, const _Tp& __lo, const _Tp& __hi, _Compare __comp)
      |     [01;36m[K^~~~~[m[K
[01m[K/usr/include/c++/11/bits/stl_algo.h:3674:5:[m[K [01;36m[Knote: [m[K  template argument deduction/substitution failed:
[01m[K/home/niic/upper_body_demo/src/upper_body_demo/src/teleop/armPosiSender.cpp:52:56:[m[K [01;36m[Knote: [m[K  deduced conflicting types for parameter â€˜[01m[Kconst _Tp[m[Kâ€™ (â€˜[01m[Kint[m[Kâ€™ and â€˜[01m[Kfloat[m[Kâ€™)
   52 |         _ctx.command_q_dot[_axis.joint_id] = [01;36m[Kstd::clamp(_ctx.command_q_dot[_axis.joint_id], -_max_rot_vel, _max_rot_vel)[m[K;
      |                                              [01;36m[K~~~~~~~~~~^~~~~~~~~~~~~~~~~~~~~~~~~~~~~~~~~~~~~~~~~~~~~~~~~~~~~~~~~~~~~~~~~[m[K
[01m[K/home/niic/upper_body_demo/src/upper_body_demo/src/teleop/armPosiSender.cpp:53:38:[m[K [01;31m[Kerror: [m[Kassignment of read-only location â€˜[01m[K*((armPosiSender*)this)->armPosiSender::_axis.axis_data::velocity_actual_value[m[Kâ€™
   53 |         [01;31m[K*_axis.velocity_actual_value = ang2enc_vel(_ctx.command_q_dot[_axis.joint_id])[m[K;
      |         [01;31m[K~~~~~~~~~~~~~~~~~~~~~~~~~~~~~^~~~~~~~~~~~~~~~~~~~~~~~~~~~~~~~~~~~~~~~~~~~~~~~~[m[K
[01m[K/home/niic/upper_body_demo/src/upper_body_demo/src/teleop/armPosiSender.cpp:60:9:[m[K [01;31m[Kerror: [m[Kâ€˜[01m[Kctx[m[Kâ€™ was not declared in this scope; did you mean â€˜[01m[K_ctx[m[Kâ€™?
   60 |         [01;31m[Kctx[m[K.command_q_dot[_axis.joint_id] = enc2len_vel(*_axis.velocity_actual_value) + std::clamp(_ctx.target_q_dot[_axis.joint_id] - enc2len_vel(*_axis.velocity_actual_value), -_max_lin_accl, _max_lin_accl);
      |         [01;31m[K^~~[m[K
      |         [32m[K_ctx[m[K
[01m[K/home/niic/upper_body_demo/src/upper_body_demo/src/teleop/armPosiSender.cpp:61:56:[m[K [01;31m[Kerror: [m[Kno matching function for call to â€˜[01m[Kclamp(std::array<int, 16>::value_type&, float, float&)[m[Kâ€™
   61 |         _ctx.command_q_dot[_axis.joint_id] = [01;31m[Kstd::clamp(_ctx.command_q_dot[_axis.joint_id], -_max_lin_vel, _max_lin_vel)[m[K;
      |                                              [01;31m[K~~~~~~~~~~^~~~~~~~~~~~~~~~~~~~~~~~~~~~~~~~~~~~~~~~~~~~~~~~~~~~~~~~~~~~~~~~~[m[K
In file included from [01m[K/usr/include/c++/11/functional:65[m[K,
                 from [01m[K/usr/include/spdlog/common.h:16[m[K,
                 from [01m[K/usr/include/spdlog/spdlog.h:12[m[K,
                 from [01m[K/home/niic/upper_body_demo/src/upper_body_demo/src/teleop/armPosiSender.cpp:3[m[K:
[01m[K/usr/include/c++/11/bits/stl_algo.h:3656:5:[m[K [01;36m[Knote: [m[Kcandidate: â€˜[01m[Ktemplate<class _Tp> constexpr const _Tp& std::clamp(const _Tp&, const _Tp&, const _Tp&)[m[Kâ€™
 3656 |     [01;36m[Kclamp[m[K(const _Tp& __val, const _Tp& __lo, const _Tp& __hi)
      |     [01;36m[K^~~~~[m[K
[01m[K/usr/include/c++/11/bits/stl_algo.h:3656:5:[m[K [01;36m[Knote: [m[K  template argument deduction/substitution failed:
[01m[K/home/niic/upper_body_demo/src/upper_body_demo/src/teleop/armPosiSender.cpp:61:56:[m[K [01;36m[Knote: [m[K  deduced conflicting types for parameter â€˜[01m[Kconst _Tp[m[Kâ€™ (â€˜[01m[Kint[m[Kâ€™ and â€˜[01m[Kfloat[m[Kâ€™)
   61 |         _ctx.command_q_dot[_axis.joint_id] = [01;36m[Kstd::clamp(_ctx.command_q_dot[_axis.joint_id], -_max_lin_vel, _max_lin_vel)[m[K;
      |                                              [01;36m[K~~~~~~~~~~^~~~~~~~~~~~~~~~~~~~~~~~~~~~~~~~~~~~~~~~~~~~~~~~~~~~~~~~~~~~~~~~~[m[K
In file included from [01m[K/usr/include/c++/11/functional:65[m[K,
                 from [01m[K/usr/include/spdlog/common.h:16[m[K,
                 from [01m[K/usr/include/spdlog/spdlog.h:12[m[K,
                 from [01m[K/home/niic/upper_body_demo/src/upper_body_demo/src/teleop/armPosiSender.cpp:3[m[K:
[01m[K/usr/include/c++/11/bits/stl_algo.h:3674:5:[m[K [01;36m[Knote: [m[Kcandidate: â€˜[01m[Ktemplate<class _Tp, class _Compare> constexpr const _Tp& std::clamp(const _Tp&, const _Tp&, const _Tp&, _Compare)[m[Kâ€™
 3674 |     [01;36m[Kclamp[m[K(const _Tp& __val, const _Tp& __lo, const _Tp& __hi, _Compare __comp)
      |     [01;36m[K^~~~~[m[K
[01m[K/usr/include/c++/11/bits/stl_algo.h:3674:5:[m[K [01;36m[Knote: [m[K  template argument deduction/substitution failed:
[01m[K/home/niic/upper_body_demo/src/upper_body_demo/src/teleop/armPosiSender.cpp:61:56:[m[K [01;36m[Knote: [m[K  deduced conflicting types for parameter â€˜[01m[Kconst _Tp[m[Kâ€™ (â€˜[01m[Kint[m[Kâ€™ and â€˜[01m[Kfloat[m[Kâ€™)
   61 |         _ctx.command_q_dot[_axis.joint_id] = [01;36m[Kstd::clamp(_ctx.command_q_dot[_axis.joint_id], -_max_lin_vel, _max_lin_vel)[m[K;
      |                                              [01;36m[K~~~~~~~~~~^~~~~~~~~~~~~~~~~~~~~~~~~~~~~~~~~~~~~~~~~~~~~~~~~~~~~~~~~~~~~~~~~[m[K
[01m[K/home/niic/upper_body_demo/src/upper_body_demo/src/teleop/armPosiSender.cpp:62:38:[m[K [01;31m[Kerror: [m[Kassignment of read-only location â€˜[01m[K*((armPosiSender*)this)->armPosiSender::_axis.axis_data::velocity_actual_value[m[Kâ€™
   62 |         [01;31m[K*_axis.velocity_actual_value = len2enc_vel(_ctx.command_q_dot[_axis.joint_id])[m[K;
      |         [01;31m[K~~~~~~~~~~~~~~~~~~~~~~~~~~~~~^~~~~~~~~~~~~~~~~~~~~~~~~~~~~~~~~~~~~~~~~~~~~~~~~[m[K
gmake[2]: *** [CMakeFiles/teleop.dir/build.make:104: CMakeFiles/teleop.dir/src/teleop/armPosiSender.cpp.o] Error 1
gmake[2]: *** Waiting for unfinished jobs....
[01m[K/home/niic/upper_body_demo/src/upper_body_demo/src/teleop/main.cpp:[m[K In lambda function:
[01m[K/home/niic/upper_body_demo/src/upper_body_demo/src/teleop/main.cpp:141:88:[m[K [01;36m[Knote: [m[Kparameter passing for argument of type â€˜[01m[Kstd::pair<float, float>[m[Kâ€™ when C++17 is enabled changed to match C++14 ]8;;https://gcc.gnu.org/gcc-10/changes.html#empty_basein GCC 10.1]8;;
  141 |           auto [lf, lb] = solveIK(ctx.target_q_rot[7],  ctx.target_q_rot[8], Side::Left[01;36m[K)[m[K;
      |                                                                                        [01;36m[K^[m[K
gmake[1]: *** [CMakeFiles/Makefile2:165: CMakeFiles/teleop.dir/all] Error 2
gmake: *** [Makefile:146: all] Error 2
